<?xml version="1.0" encoding="UTF-8"?>
<testng-results ignored="0" total="1" passed="1" failed="0" skipped="0">
  <reporter-output>
  </reporter-output>
  <suite started-at="2022-09-01T01:09:20 WIB" name="Default suite" finished-at="2022-09-01T01:10:13 WIB" duration-ms="53218">
    <groups>
      <group name="cucumber">
        <method signature="AbstractTestNGCucumberTests.runScenario(io.cucumber.testng.PickleWrapper,io.cucumber.testng.FeatureWrapper)[pri:0, instance:com.juaracoding.pageobject.TestRunner@53fdffa1]" name="runScenario" class="io.cucumber.testng.AbstractTestNGCucumberTests"/>
      </group> <!-- cucumber -->
    </groups>
    <test started-at="2022-09-01T01:09:20 WIB" name="Default test" finished-at="2022-09-01T01:10:13 WIB" duration-ms="53218">
      <class name="com.juaracoding.pageobject.TestRunner">
        <test-method is-config="true" signature="setUpClass(org.testng.ITestContext)[pri:0, instance:com.juaracoding.pageobject.TestRunner@53fdffa1]" started-at="2022-09-01T01:09:20 WIB" name="setUpClass" finished-at="2022-09-01T01:09:21 WIB" duration-ms="708" status="PASS">
          <params>
            <param index="0">
              <value>
                <![CDATA[org.testng.TestRunner@4288d98e]]>
              </value>
            </param>
          </params>
          <reporter-output>
          </reporter-output>
        </test-method> <!-- setUpClass -->
        <test-method signature="runScenario(io.cucumber.testng.PickleWrapper,io.cucumber.testng.FeatureWrapper)[pri:0, instance:com.juaracoding.pageobject.TestRunner@53fdffa1]" started-at="2022-09-01T01:09:21 WIB" name="runScenario" description="Runs Cucumber Scenarios" data-provider="scenarios" finished-at="2022-09-01T01:10:13 WIB" duration-ms="52428" status="PASS">
          <params>
            <param index="0">
              <value>
                <![CDATA["User Chechout product"]]>
              </value>
            </param>
            <param index="1">
              <value>
                <![CDATA["Checkout"]]>
              </value>
            </param>
          </params>
          <reporter-output>
          </reporter-output>
        </test-method> <!-- runScenario -->
        <test-method is-config="true" signature="tearDownClass()[pri:0, instance:com.juaracoding.pageobject.TestRunner@53fdffa1]" started-at="2022-09-01T01:10:13 WIB" name="tearDownClass" finished-at="2022-09-01T01:10:13 WIB" duration-ms="32" status="PASS">
          <reporter-output>
          </reporter-output>
        </test-method> <!-- tearDownClass -->
      </class> <!-- com.juaracoding.pageobject.TestRunner -->
    </test> <!-- Default test -->
  </suite> <!-- Default suite -->
</testng-results>
